<?xml version="1.0" encoding="UTF-8" standalone="no"?>
<testsuite errors="0" failures="0" name="io.cucumber.core.plugin.JUnitFormatter" skipped="0" tests="1" time="16.771">
    <testcase classname="To Register,Login and validate user" name="Register with multiple users" time="16.228">
        <system-out>
            <![CDATA[Given I am able to navigate to landing page.................................passed
When I click on SignUp button...............................................passed
When I enter firstname as "<firstname>".....................................passed
When I enter lastname as "<lastname>".......................................passed
When I enter email as "<email>".............................................passed
When I enter username as "<username>".......................................passed
When I enter password as "<password>".......................................passed
Then click on Register button...............................................passed
And Validate if correct email ID "<email>" is populated.....................passed
]]>
        </system-out>
    </testcase>
</testsuite>
